<?xml version="1.0" encoding="UTF-8"?>
<!-- Generated by org.testng.reporters.JUnitXMLReporter -->
<testsuite ignored="0" hostname="Yct201909022342" failures="0" tests="12" name="Test" time="279.258" errors="0" timestamp="2020-07-11T13:51:57 CST">
  <testcase classname="com.lemon.testcase.LoginTest" name="forgetPhone" time="45.206"/>
  <testcase classname="com.lemon.testcase.LoginTest" name="loginFail01" time="1.092"/>
  <testcase classname="com.lemon.testcase.LoginTest" name="loginFail01" time="1.253"/>
  <testcase classname="com.lemon.testcase.LoginTest" name="loginFail01" time="1.069"/>
  <testcase classname="com.lemon.testcase.LoginTest" name="loginFail01" time="1.616"/>
  <testcase classname="com.lemon.testcase.LoginTest" name="loginFail01" time="1.048"/>
  <testcase classname="com.lemon.testcase.LoginTest" name="loginFail02" time="0.467"/>
  <testcase classname="com.lemon.testcase.LoginTest" name="loginFail02" time="0.51"/>
  <testcase classname="com.lemon.testcase.LoginTest" name="loginFail02" time="0.537"/>
  <testcase classname="com.lemon.testcase.LoginTest" name="loginFail02" time="0.535"/>
  <testcase classname="com.lemon.testcase.LoginTest" name="loginSuccess" time="22.429"/>
  <testcase classname="com.lemon.testcase.LoginTest" name="rememberPhone" time="46.711"/>
</testsuite> <!-- Test -->
