<?xml version="1.0" encoding="UTF-8"?>
<!-- Generated by org.testng.reporters.JUnitXMLReporter -->
<testsuite ignored="0" hostname="Yct201909022342" failures="0" tests="12" name="Test" time="315.772" errors="0" timestamp="2020-07-11T13:37:27 CST">
  <testcase classname="com.lemon.testcase.LoginTest" name="forgetPhone" time="45.728"/>
  <testcase classname="com.lemon.testcase.LoginTest" name="loginFail01" time="1.167"/>
  <testcase classname="com.lemon.testcase.LoginTest" name="loginFail01" time="1.32"/>
  <testcase classname="com.lemon.testcase.LoginTest" name="loginFail01" time="1.176"/>
  <testcase classname="com.lemon.testcase.LoginTest" name="loginFail01" time="1.137"/>
  <testcase classname="com.lemon.testcase.LoginTest" name="loginFail01" time="1.137"/>
  <testcase classname="com.lemon.testcase.LoginTest" name="loginFail02" time="0.603"/>
  <testcase classname="com.lemon.testcase.LoginTest" name="loginFail02" time="0.625"/>
  <testcase classname="com.lemon.testcase.LoginTest" name="loginFail02" time="0.896"/>
  <testcase classname="com.lemon.testcase.LoginTest" name="loginFail02" time="0.658"/>
  <testcase classname="com.lemon.testcase.LoginTest" name="loginSuccess" time="22.486"/>
  <testcase classname="com.lemon.testcase.LoginTest" name="rememberPhone" time="46.808"/>
</testsuite> <!-- Test -->
