<?xml version="1.0" encoding="UTF-8"?>
<testsuite xmlns:xsi="http://www.w3.org/2001/XMLSchema-instance" xsi:noNamespaceSchemaLocation="https://maven.apache.org/surefire/maven-surefire-plugin/xsd/surefire-test-report-3.0.xsd" version="3.0" name="TestSuite" time="282.804" tests="12" errors="0" skipped="0" failures="0">
  <properties>
[...]
</properties>
  <testcase name="forgetPhone" classname="com.lemon.testcase.LoginTest" time="45.138"/>
  <testcase name="loginFail01" classname="com.lemon.testcase.LoginTest" time="1.086"/>
  <testcase name="loginFail01" classname="com.lemon.testcase.LoginTest" time="1.253"/>
  <testcase name="loginFail01" classname="com.lemon.testcase.LoginTest" time="1.055"/>
  <testcase name="loginFail01" classname="com.lemon.testcase.LoginTest" time="1.613"/>
  <testcase name="loginFail01" classname="com.lemon.testcase.LoginTest" time="1.047"/>
  <testcase name="loginFail02" classname="com.lemon.testcase.LoginTest" time="0.461"/>
  <testcase name="loginFail02" classname="com.lemon.testcase.LoginTest" time="0.503"/>
  <testcase name="loginFail02" classname="com.lemon.testcase.LoginTest" time="0.532"/>
  <testcase name="loginFail02" classname="com.lemon.testcase.LoginTest" time="0.533"/>
  <testcase name="loginSuccess" classname="com.lemon.testcase.LoginTest" time="22.425"/>
  <testcase name="rememberPhone" classname="com.lemon.testcase.LoginTest" time="46.709"/>
</testsuite>